<?xml version="1.0" encoding="UTF-8"?>
<!-- Generated by org.testng.reporters.JUnitXMLReporter -->
<testsuite hostname="DESKTOP-R62C331" name="Test" tests="4" failures="0" timestamp="14 Jul 2020 18:39:42 GMT" time="12.156" errors="0">
  <testcase name="verifyTextboxLabelTest" time="0.091" classname="com.qa.flipkart.testcases.SearchPageTest"/>
  <testcase name="searchButtonIsDisplayedTest" time="0.122" classname="com.qa.flipkart.testcases.SearchPageTest"/>
  <testcase name="searchButtonIsEnabledTest" time="0.054" classname="com.qa.flipkart.testcases.SearchPageTest"/>
  <testcase name="verifyAutoSuggestTest" time="3.47" classname="com.qa.flipkart.testcases.SearchPageTest"/>
</testsuite> <!-- Test -->
