<?xml version="1.0" encoding="UTF-8"?>
<!-- Generated by org.testng.reporters.JUnitXMLReporter -->
<testsuite hostname="LAPTOP-702TIJFI" name="Test" tests="5" failures="0" timestamp="19 Jul 2020 06:16:31 GMT" time="0.195" errors="0">
  <testcase name="@BeforeClass setup" time="0.0" classname="com.qa.flipkart.testcases.SearchPageTest">
    <failure type="java.lang.NullPointerException">
      <![CDATA[java.lang.NullPointerException
	at com.qa.flipkart.base.BaseClass.initialization(BaseClass.java:38)
	at com.qa.flipkart.testcases.SearchPageTest.setup(SearchPageTest.java:28)
... Removed 24 stack frames]]>
    </failure>
  </testcase> <!-- @BeforeClass setup -->
  <testcase name="@AfterClass closeBrowser" time="0.0" classname="com.qa.flipkart.testcases.SearchPageTest">
    <skipped/>
  </testcase> <!-- @AfterClass closeBrowser -->
  <testcase name="searchButtonIsEnabledTest" time="0.004" classname="com.qa.flipkart.testcases.SearchPageTest">
    <skipped/>
  </testcase> <!-- searchButtonIsEnabledTest -->
  <testcase name="searchButtonIsDisplayedTest" time="0.004" classname="com.qa.flipkart.testcases.SearchPageTest">
    <skipped/>
  </testcase> <!-- searchButtonIsDisplayedTest -->
  <testcase name="verifySearchTextboxDisplayedTest" time="0.002" classname="com.qa.flipkart.testcases.SearchPageTest">
    <skipped/>
  </testcase> <!-- verifySearchTextboxDisplayedTest -->
  <testcase name="verifySearchTextboxEnableTest" time="0.015" classname="com.qa.flipkart.testcases.SearchPageTest">
    <skipped/>
  </testcase> <!-- verifySearchTextboxEnableTest -->
  <testcase name="verifyAutoSuggestTest" time="0.003" classname="com.qa.flipkart.testcases.SearchPageTest">
    <skipped/>
  </testcase> <!-- verifyAutoSuggestTest -->
</testsuite> <!-- Test -->
